app/build/intermediates/manifest_merge_blame_file/debug/manifest-merger-blame-debug-report.txt
1<?xml version="1.0" encoding="utf-8"?>
2<manifest xmlns:android="http://schemas.android.com/apk/res/android"
3    package="com.example.clothes"
4    android:versionCode="1"
5    android:versionName="1.0" >
6
7    <uses-sdk
8        android:minSdkVersion="21"
8-->src\main\AndroidManifest.xml
9        android:targetSdkVersion="29" />
9-->src\main\AndroidManifest.xml
10
11    <application
11-->src\main\AndroidManifest.xml:4:5-32:19
12        android:allowBackup="true"
12-->src\main\AndroidManifest.xml:5:9-35
13        android:appComponentFactory="androidx.core.app.CoreComponentFactory"
13-->[androidx.core:core:1.0.1] AndroidManifest.xml:22:18-86
14        android:debuggable="true"
15        android:icon="@mipmap/ic_launcher"
15-->src\main\AndroidManifest.xml:6:9-43
16        android:label="@string/app_name"
16-->src\main\AndroidManifest.xml:7:9-41
17        android:roundIcon="@mipmap/ic_launcher_round"
17-->src\main\AndroidManifest.xml:8:9-54
18        android:supportsRtl="true"
18-->src\main\AndroidManifest.xml:9:9-35
19        android:testOnly="true"
20        android:theme="@style/AppTheme" >
20-->src\main\AndroidManifest.xml:10:9-40
21        <activity
21-->src\main\AndroidManifest.xml:12:9-18:20
22            android:name="com.example.clothes.view.ActivityList"
22-->src\main\AndroidManifest.xml:13:13-46
23            android:configChanges="orientation"
23-->src\main\AndroidManifest.xml:16:13-48
24            android:label="@string/title_activity_list"
24-->src\main\AndroidManifest.xml:14:13-56
25            android:screenOrientation="sensor"
25-->src\main\AndroidManifest.xml:17:13-47
26            android:theme="@style/AppTheme.NoActionBar" >
26-->src\main\AndroidManifest.xml:15:13-56
27        </activity>
28        <activity
28-->src\main\AndroidManifest.xml:19:9-27:20
29            android:name="com.example.clothes.view.ActivitySplashScreen"
29-->src\main\AndroidManifest.xml:20:13-54
30            android:configChanges="orientation"
30-->src\main\AndroidManifest.xml:22:13-48
31            android:screenOrientation="sensor"
31-->src\main\AndroidManifest.xml:23:13-47
32            android:theme="@style/AppTheme.NoActionBar" >
32-->src\main\AndroidManifest.xml:21:13-56
33            <intent-filter>
33-->src\main\AndroidManifest.xml:24:13-26:29
34                <action android:name="android.intent.action.MAIN" />
34-->src\main\AndroidManifest.xml:25:17-69
34-->src\main\AndroidManifest.xml:25:25-66
35            </intent-filter>
36        </activity>
37        <activity
37-->src\main\AndroidManifest.xml:28:9-31:59
38            android:name="com.example.clothes.view.FormActivity"
38-->src\main\AndroidManifest.xml:29:13-46
39            android:label="@string/title_activity_form"
39-->src\main\AndroidManifest.xml:30:13-56
40            android:theme="@style/AppTheme.NoActionBar" />
40-->src\main\AndroidManifest.xml:31:13-56
41    </application>
42
43</manifest>